<?xml version="1.0" encoding="UTF-8"?>
<!-- Generated by org.testng.reporters.JUnitXMLReporter -->
<testsuite hostname="HDC3-L-54238T9" ignored="0" name="Teststart" tests="7" failures="0" timestamp="24 May 2019 07:03:11 GMT" time="55.539" errors="0">
  <testcase name="loginUrl" time="22.225" classname="com.vinnu.automation.Teststart"/>
  <testcase name="radioSelection" time="24.233" classname="com.vinnu.automation.Teststart"/>
  <testcase name="checkSelection" time="2.226" classname="com.vinnu.automation.Teststart"/>
  <testcase name="uploadfile" time="0.276" classname="com.vinnu.automation.Teststart"/>
  <testcase name="dropdownSelection" time="5.093" classname="com.vinnu.automation.Teststart"/>
  <testcase name="listSelection" time="1.267" classname="com.vinnu.automation.Teststart"/>
  <testcase name="submit" time="0.064" classname="com.vinnu.automation.Teststart"/>
</testsuite> <!-- Teststart -->
