<?xml version="1.0" encoding="UTF-8"?>
<!-- Generated by org.testng.reporters.JUnitXMLReporter -->
<testsuite hostname="HDC3-L-54238T9" ignored="0" name="Teststart" tests="9" failures="2" timestamp="24 May 2019 17:19:28 GMT" time="70.529" errors="0">
  <testcase name="loginUrl" time="0.0" classname="com.vinnu.automation.Teststart">
    <failure type="org.testng.TestNGException" message="
Cannot inject @Test annotated Method [loginUrl] with [class java.lang.String].
For more information on native dependency injection please refer to http://testng.org/doc/documentation-main.html#native-dependency-injection">
      <![CDATA[org.testng.TestNGException: 
Cannot inject @Test annotated Method [loginUrl] with [class java.lang.String].
For more information on native dependency injection please refer to http://testng.org/doc/documentation-main.html#native-dependency-injection
at java.util.concurrent.ThreadPoolExecutor.runWorker(Unknown Source)
at java.util.concurrent.ThreadPoolExecutor$Worker.run(Unknown Source)
at java.lang.Thread.run(Unknown Source)
... Removed 9 stack frames]]>
    </failure>
  </testcase> <!-- loginUrl -->
  <testcase name="Alertaccept" time="22.624" classname="com.vinnu.automation.AlertPractice">
    <failure type="java.lang.NullPointerException">
      <![CDATA[java.lang.NullPointerException
at com.vinnu.automation.AlertPractice.Alertaccept(AlertPractice.java:27)
at java.util.concurrent.ThreadPoolExecutor.runWorker(Unknown Source)
at java.util.concurrent.ThreadPoolExecutor$Worker.run(Unknown Source)
at java.lang.Thread.run(Unknown Source)
... Removed 10 stack frames]]>
    </failure>
  </testcase> <!-- Alertaccept -->
  <testcase name="callDemo" time="17.571" classname="com.vinnu.automation.Teststart"/>
  <testcase name="radioSelection" time="21.064" classname="com.vinnu.automation.Teststart"/>
  <testcase name="checkSelection" time="2.569" classname="com.vinnu.automation.Teststart"/>
  <testcase name="uploadfile" time="0.264" classname="com.vinnu.automation.Teststart"/>
  <testcase name="dropdownSelection" time="4.848" classname="com.vinnu.automation.Teststart"/>
  <testcase name="listSelection" time="1.297" classname="com.vinnu.automation.Teststart"/>
  <testcase name="submit" time="0.067" classname="com.vinnu.automation.Teststart"/>
</testsuite> <!-- Teststart -->
