<?xml version="1.0" encoding="UTF-8"?>
<!-- Generated by org.testng.reporters.JUnitXMLReporter -->
<testsuite hostname="HDC3-L-54238T9" ignored="0" name="Command line test" tests="8" failures="1" timestamp="24 May 2019 15:46:47 GMT" time="50.98" errors="0">
  <testcase name="loginUrl" time="0.0" classname="com.vinnu.automation.Teststart">
    <failure type="org.testng.TestNGException" message="
Cannot inject @Test annotated Method [loginUrl] with [class java.lang.String].
For more information on native dependency injection please refer to http://testng.org/doc/documentation-main.html#native-dependency-injection">
      <![CDATA[org.testng.TestNGException: 
Cannot inject @Test annotated Method [loginUrl] with [class java.lang.String].
For more information on native dependency injection please refer to http://testng.org/doc/documentation-main.html#native-dependency-injection
... Removed 33 stack frames]]>
    </failure>
  </testcase> <!-- loginUrl -->
  <testcase name="callDemo" time="23.155" classname="com.vinnu.automation.Teststart"/>
  <testcase name="radioSelection" time="21.502" classname="com.vinnu.automation.Teststart"/>
  <testcase name="checkSelection" time="0.776" classname="com.vinnu.automation.Teststart"/>
  <testcase name="uploadfile" time="0.167" classname="com.vinnu.automation.Teststart"/>
  <testcase name="dropdownSelection" time="4.662" classname="com.vinnu.automation.Teststart"/>
  <testcase name="listSelection" time="0.484" classname="com.vinnu.automation.Teststart"/>
  <testcase name="submit" time="0.037" classname="com.vinnu.automation.Teststart"/>
</testsuite> <!-- Command line test -->
